AsimovUtils.cc[22] : (in function: asimovDatasetNominal) - Parameters after fit for asimov dataset
AsimovUtils.cc[26] : (in function: asimovDatasetNominal) - Backgroundfail_HIGH_bin_1-1 = 767.505 
AsimovUtils.cc[26] : (in function: asimovDatasetNominal) - Backgroundfail_HIGH_bin_1-10 = 801.617 
AsimovUtils.cc[26] : (in function: asimovDatasetNominal) - Backgroundfail_HIGH_bin_1-2 = 750.45 
AsimovUtils.cc[26] : (in function: asimovDatasetNominal) - Backgroundfail_HIGH_bin_1-3 = 903.951 
AsimovUtils.cc[26] : (in function: asimovDatasetNominal) - Backgroundfail_HIGH_bin_1-4 = 1006.28 
AsimovUtils.cc[26] : (in function: asimovDatasetNominal) - Backgroundfail_HIGH_bin_1-5 = 784.561 
AsimovUtils.cc[26] : (in function: asimovDatasetNominal) - Backgroundfail_HIGH_bin_1-6 = 801.617 
AsimovUtils.cc[26] : (in function: asimovDatasetNominal) - Backgroundfail_HIGH_bin_1-7 = 716.338 
AsimovUtils.cc[26] : (in function: asimovDatasetNominal) - Backgroundfail_HIGH_bin_1-8 = 750.45 
AsimovUtils.cc[26] : (in function: asimovDatasetNominal) - Backgroundfail_HIGH_bin_1-9 = 1057.45 
AsimovUtils.cc[26] : (in function: asimovDatasetNominal) - Backgroundfail_LOW_bin_1-1 = 2933.58 
AsimovUtils.cc[26] : (in function: asimovDatasetNominal) - Backgroundfail_LOW_bin_1-10 = 2592.46 
AsimovUtils.cc[26] : (in function: asimovDatasetNominal) - Backgroundfail_LOW_bin_1-2 = 3172.36 
AsimovUtils.cc[26] : (in function: asimovDatasetNominal) - Backgroundfail_LOW_bin_1-3 = 2643.63 
AsimovUtils.cc[26] : (in function: asimovDatasetNominal) - Backgroundfail_LOW_bin_1-4 = 2626.57 
AsimovUtils.cc[26] : (in function: asimovDatasetNominal) - Backgroundfail_LOW_bin_1-5 = 3121.19 
AsimovUtils.cc[26] : (in function: asimovDatasetNominal) - Backgroundfail_LOW_bin_1-6 = 3172.36 
AsimovUtils.cc[26] : (in function: asimovDatasetNominal) - Backgroundfail_LOW_bin_1-7 = 2780.08 
AsimovUtils.cc[26] : (in function: asimovDatasetNominal) - Backgroundfail_LOW_bin_1-8 = 3359.97 
AsimovUtils.cc[26] : (in function: asimovDatasetNominal) - Backgroundfail_LOW_bin_1-9 = 3223.52 
AsimovUtils.cc[26] : (in function: asimovDatasetNominal) - Backgroundfail_LOW_bin_2-1 = 32422.8 
AsimovUtils.cc[26] : (in function: asimovDatasetNominal) - Backgroundfail_LOW_bin_2-10 = 32712.8 
AsimovUtils.cc[26] : (in function: asimovDatasetNominal) - Backgroundfail_LOW_bin_2-2 = 33565.6 
AsimovUtils.cc[26] : (in function: asimovDatasetNominal) - Backgroundfail_LOW_bin_2-3 = 32371.7 
AsimovUtils.cc[26] : (in function: asimovDatasetNominal) - Backgroundfail_LOW_bin_2-4 = 33565.6 
AsimovUtils.cc[26] : (in function: asimovDatasetNominal) - Backgroundfail_LOW_bin_2-5 = 31877.1 
AsimovUtils.cc[26] : (in function: asimovDatasetNominal) - Backgroundfail_LOW_bin_2-6 = 33207.4 
AsimovUtils.cc[26] : (in function: asimovDatasetNominal) - Backgroundfail_LOW_bin_2-7 = 32525.2 
AsimovUtils.cc[26] : (in function: asimovDatasetNominal) - Backgroundfail_LOW_bin_2-8 = 32883.3 
AsimovUtils.cc[26] : (in function: asimovDatasetNominal) - Backgroundfail_LOW_bin_2-9 = 32286.4 
AsimovUtils.cc[26] : (in function: asimovDatasetNominal) - Backgroundfail_LOW_bin_3-1 = 1.48087e+07 
AsimovUtils.cc[26] : (in function: asimovDatasetNominal) - Backgroundfail_LOW_bin_3-10 = 1.47979e+07 
AsimovUtils.cc[26] : (in function: asimovDatasetNominal) - Backgroundfail_LOW_bin_3-2 = 1.48158e+07 
AsimovUtils.cc[26] : (in function: asimovDatasetNominal) - Backgroundfail_LOW_bin_3-3 = 1.48431e+07 
AsimovUtils.cc[26] : (in function: asimovDatasetNominal) - Backgroundfail_LOW_bin_3-4 = 1.48297e+07 
AsimovUtils.cc[26] : (in function: asimovDatasetNominal) - Backgroundfail_LOW_bin_3-5 = 1.48197e+07 
AsimovUtils.cc[26] : (in function: asimovDatasetNominal) - Backgroundfail_LOW_bin_3-6 = 1.48642e+07 
AsimovUtils.cc[26] : (in function: asimovDatasetNominal) - Backgroundfail_LOW_bin_3-7 = 1.48416e+07 
AsimovUtils.cc[26] : (in function: asimovDatasetNominal) - Backgroundfail_LOW_bin_3-8 = 1.48201e+07 
AsimovUtils.cc[26] : (in function: asimovDatasetNominal) - Backgroundfail_LOW_bin_3-9 = 1.48352e+07 
AsimovUtils.cc[26] : (in function: asimovDatasetNominal) - Backgroundfail_LOW_bin_4-1 = 901478 
AsimovUtils.cc[26] : (in function: asimovDatasetNominal) - Backgroundfail_LOW_bin_4-10 = 898646 
AsimovUtils.cc[26] : (in function: asimovDatasetNominal) - Backgroundfail_LOW_bin_4-2 = 902774 
AsimovUtils.cc[26] : (in function: asimovDatasetNominal) - Backgroundfail_LOW_bin_4-3 = 904292 
AsimovUtils.cc[26] : (in function: asimovDatasetNominal) - Backgroundfail_LOW_bin_4-4 = 908078 
AsimovUtils.cc[26] : (in function: asimovDatasetNominal) - Backgroundfail_LOW_bin_4-5 = 900983 
AsimovUtils.cc[26] : (in function: asimovDatasetNominal) - Backgroundfail_LOW_bin_4-6 = 903746 
AsimovUtils.cc[26] : (in function: asimovDatasetNominal) - Backgroundfail_LOW_bin_4-7 = 900693 
AsimovUtils.cc[26] : (in function: asimovDatasetNominal) - Backgroundfail_LOW_bin_4-8 = 905025 
AsimovUtils.cc[26] : (in function: asimovDatasetNominal) - Backgroundfail_LOW_bin_4-9 = 901478 
AsimovUtils.cc[26] : (in function: asimovDatasetNominal) - Backgroundfail_LOW_bin_5-1 = 11018 
AsimovUtils.cc[26] : (in function: asimovDatasetNominal) - Backgroundfail_LOW_bin_5-10 = 10847.4 
AsimovUtils.cc[26] : (in function: asimovDatasetNominal) - Backgroundfail_LOW_bin_5-2 = 11205.6 
AsimovUtils.cc[26] : (in function: asimovDatasetNominal) - Backgroundfail_LOW_bin_5-3 = 11035 
AsimovUtils.cc[26] : (in function: asimovDatasetNominal) - Backgroundfail_LOW_bin_5-4 = 10847.4 
AsimovUtils.cc[26] : (in function: asimovDatasetNominal) - Backgroundfail_LOW_bin_5-5 = 9875.24 
AsimovUtils.cc[26] : (in function: asimovDatasetNominal) - Backgroundfail_LOW_bin_5-6 = 10489.2 
AsimovUtils.cc[26] : (in function: asimovDatasetNominal) - Backgroundfail_LOW_bin_5-7 = 11120.3 
AsimovUtils.cc[26] : (in function: asimovDatasetNominal) - Backgroundfail_LOW_bin_5-8 = 11120.3 
AsimovUtils.cc[26] : (in function: asimovDatasetNominal) - Backgroundfail_LOW_bin_5-9 = 11205.6 
AsimovUtils.cc[26] : (in function: asimovDatasetNominal) - Backgroundfail_SIG_bin_1-1 = 2643.63 
AsimovUtils.cc[26] : (in function: asimovDatasetNominal) - Backgroundfail_SIG_bin_1-10 = 2728.91 
AsimovUtils.cc[26] : (in function: asimovDatasetNominal) - Backgroundfail_SIG_bin_1-2 = 2336.63 
AsimovUtils.cc[26] : (in function: asimovDatasetNominal) - Backgroundfail_SIG_bin_1-3 = 2745.96 
AsimovUtils.cc[26] : (in function: asimovDatasetNominal) - Backgroundfail_SIG_bin_1-4 = 2694.8 
AsimovUtils.cc[26] : (in function: asimovDatasetNominal) - Backgroundfail_SIG_bin_1-5 = 2916.52 
AsimovUtils.cc[26] : (in function: asimovDatasetNominal) - Backgroundfail_SIG_bin_1-6 = 2848.3 
AsimovUtils.cc[26] : (in function: asimovDatasetNominal) - Backgroundfail_SIG_bin_1-7 = 2950.63 
AsimovUtils.cc[26] : (in function: asimovDatasetNominal) - Backgroundfail_SIG_bin_1-8 = 2831.24 
AsimovUtils.cc[26] : (in function: asimovDatasetNominal) - Backgroundfail_SIG_bin_1-9 = 2882.41 
AsimovUtils.cc[26] : (in function: asimovDatasetNominal) - Backgroundfail_SIG_bin_2-1 = 1398.57 
AsimovUtils.cc[26] : (in function: asimovDatasetNominal) - Backgroundfail_SIG_bin_2-10 = 1313.29 
AsimovUtils.cc[26] : (in function: asimovDatasetNominal) - Backgroundfail_SIG_bin_2-2 = 1466.79 
AsimovUtils.cc[26] : (in function: asimovDatasetNominal) - Backgroundfail_SIG_bin_2-3 = 1330.34 
AsimovUtils.cc[26] : (in function: asimovDatasetNominal) - Backgroundfail_SIG_bin_2-4 = 1279.18 
AsimovUtils.cc[26] : (in function: asimovDatasetNominal) - Backgroundfail_SIG_bin_2-5 = 1432.68 
AsimovUtils.cc[26] : (in function: asimovDatasetNominal) - Backgroundfail_SIG_bin_2-6 = 1159.79 
AsimovUtils.cc[26] : (in function: asimovDatasetNominal) - Backgroundfail_SIG_bin_2-7 = 1176.84 
AsimovUtils.cc[26] : (in function: asimovDatasetNominal) - Backgroundfail_SIG_bin_2-8 = 1398.57 
AsimovUtils.cc[26] : (in function: asimovDatasetNominal) - Backgroundfail_SIG_bin_2-9 = 1347.4 
AsimovUtils.cc[26] : (in function: asimovDatasetNominal) - Backgroundrpf_2x0_par0 = 0.1 
AsimovUtils.cc[26] : (in function: asimovDatasetNominal) - Backgroundrpf_2x0_par1 = 0.1 
AsimovUtils.cc[26] : (in function: asimovDatasetNominal) - Backgroundrpf_2x0_par2 = 0.1 
AsimovUtils.cc[26] : (in function: asimovDatasetNominal) - Backgroundrpf_2x0_par3 = 0.1 
AsimovUtils.cc[26] : (in function: asimovDatasetNominal) - CMS_channel = 5 
AsimovUtils.cc[26] : (in function: asimovDatasetNominal) - N_default = 9.5 
AsimovUtils.cc[26] : (in function: asimovDatasetNominal) - n_exp_binfail_HIGH_proc_Background = 1 (constant)
AsimovUtils.cc[26] : (in function: asimovDatasetNominal) - n_exp_binfail_LOW_proc_Background = 1 (constant)
AsimovUtils.cc[26] : (in function: asimovDatasetNominal) - n_exp_binfail_SIG_proc_Background = 1 (constant)
AsimovUtils.cc[26] : (in function: asimovDatasetNominal) - n_exp_binpass_HIGH_proc_Background_2x0 = 1 (constant)
AsimovUtils.cc[26] : (in function: asimovDatasetNominal) - n_exp_binpass_LOW_proc_Background_2x0 = 1 (constant)
AsimovUtils.cc[26] : (in function: asimovDatasetNominal) - n_exp_binpass_SIG_proc_Background_2x0 = 1 (constant)
AsimovUtils.cc[26] : (in function: asimovDatasetNominal) - pT_HIGH_default = 289.5 
AsimovUtils.cc[26] : (in function: asimovDatasetNominal) - pT_LOW_default = 112.5 
AsimovUtils.cc[26] : (in function: asimovDatasetNominal) - pT_SIG_default = 213 
AsimovUtils.cc[26] : (in function: asimovDatasetNominal) - r = 0 (constant)
ToyMCSamplerOpt.cc[146] : (in function: generateAsimov) - Using internal logic for binned/unbinned Asimov dataset generation
ToyMCSamplerOpt.cc[214] : (in function: generateWithHisto) - Generating asimov with histogram for pdf pdf_binpass_LOW: in 5 x-bins
ToyMCSamplerOpt.cc[215] : (in function: generateWithHisto) -  , in 10 y-bins
ToyMCSamplerOpt.cc[146] : (in function: generateAsimov) - Using internal logic for binned/unbinned Asimov dataset generation
ToyMCSamplerOpt.cc[214] : (in function: generateWithHisto) - Generating asimov with histogram for pdf pdf_binpass_SIG: in 2 x-bins
ToyMCSamplerOpt.cc[215] : (in function: generateWithHisto) -  , in 10 y-bins
ToyMCSamplerOpt.cc[146] : (in function: generateAsimov) - Using internal logic for binned/unbinned Asimov dataset generation
ToyMCSamplerOpt.cc[214] : (in function: generateWithHisto) - Generating asimov with histogram for pdf pdf_binpass_HIGH: in 1 x-bins
ToyMCSamplerOpt.cc[215] : (in function: generateWithHisto) -  , in 10 y-bins
ToyMCSamplerOpt.cc[146] : (in function: generateAsimov) - Using internal logic for binned/unbinned Asimov dataset generation
ToyMCSamplerOpt.cc[214] : (in function: generateWithHisto) - Generating asimov with histogram for pdf pdf_binfail_LOW: in 5 x-bins
ToyMCSamplerOpt.cc[215] : (in function: generateWithHisto) -  , in 10 y-bins
ToyMCSamplerOpt.cc[146] : (in function: generateAsimov) - Using internal logic for binned/unbinned Asimov dataset generation
ToyMCSamplerOpt.cc[214] : (in function: generateWithHisto) - Generating asimov with histogram for pdf pdf_binfail_SIG: in 2 x-bins
ToyMCSamplerOpt.cc[215] : (in function: generateWithHisto) -  , in 10 y-bins
ToyMCSamplerOpt.cc[146] : (in function: generateAsimov) - Using internal logic for binned/unbinned Asimov dataset generation
ToyMCSamplerOpt.cc[214] : (in function: generateWithHisto) - Generating asimov with histogram for pdf pdf_binfail_HIGH: in 1 x-bins
ToyMCSamplerOpt.cc[215] : (in function: generateWithHisto) -  , in 10 y-bins
