 <<< Combine >>> 
 <<< v10.0.1 >>>
>>> Random number generator seed is 123456
>>> Method used is FitDiagnostics
Set Default Value of Parameter mask_pass_SIG To : 1
Set Default Value of Parameter mask_pass_HIGH To : 1
Set Default Value of Parameter r To : 1
>>> 2 out of 6 channels masked

Parameters: 
  1) RooRealVar::            Backgroundfail_HIGH_bin_1-1 = 767.505
  2) RooRealVar::           Backgroundfail_HIGH_bin_1-10 = 801.617
  3) RooRealVar::            Backgroundfail_HIGH_bin_1-2 = 750.45
  4) RooRealVar::            Backgroundfail_HIGH_bin_1-3 = 903.951
  5) RooRealVar::            Backgroundfail_HIGH_bin_1-4 = 1006.28
  6) RooRealVar::            Backgroundfail_HIGH_bin_1-5 = 784.561
  7) RooRealVar::            Backgroundfail_HIGH_bin_1-6 = 801.617
  8) RooRealVar::            Backgroundfail_HIGH_bin_1-7 = 716.338
  9) RooRealVar::            Backgroundfail_HIGH_bin_1-8 = 750.45
 10) RooRealVar::            Backgroundfail_HIGH_bin_1-9 = 1057.45
 11) RooRealVar::            Backgroundfail_HIGH_bin_2-1 = 511.67
 12) RooRealVar::           Backgroundfail_HIGH_bin_2-10 = 648.116
 13) RooRealVar::            Backgroundfail_HIGH_bin_2-2 = 392.281
 14) RooRealVar::            Backgroundfail_HIGH_bin_2-3 = 528.726
 15) RooRealVar::            Backgroundfail_HIGH_bin_2-4 = 545.782
 16) RooRealVar::            Backgroundfail_HIGH_bin_2-5 = 392.281
 17) RooRealVar::            Backgroundfail_HIGH_bin_2-6 = 614.004
 18) RooRealVar::            Backgroundfail_HIGH_bin_2-7 = 426.392
 19) RooRealVar::            Backgroundfail_HIGH_bin_2-8 = 443.448
 20) RooRealVar::            Backgroundfail_HIGH_bin_2-9 = 443.448
 21) RooRealVar::            Backgroundfail_HIGH_bin_3-1 = 272.891
 22) RooRealVar::           Backgroundfail_HIGH_bin_3-10 = 324.058
 23) RooRealVar::            Backgroundfail_HIGH_bin_3-2 = 289.946
 24) RooRealVar::            Backgroundfail_HIGH_bin_3-3 = 477.559
 25) RooRealVar::            Backgroundfail_HIGH_bin_3-4 = 255.835
 26) RooRealVar::            Backgroundfail_HIGH_bin_3-5 = 375.225
 27) RooRealVar::            Backgroundfail_HIGH_bin_3-6 = 426.392
 28) RooRealVar::            Backgroundfail_HIGH_bin_3-7 = 358.169
 29) RooRealVar::            Backgroundfail_HIGH_bin_3-8 = 238.779
 30) RooRealVar::            Backgroundfail_HIGH_bin_3-9 = 358.169
 31) RooRealVar::            Backgroundfail_HIGH_bin_4-1 = 221.724
 32) RooRealVar::           Backgroundfail_HIGH_bin_4-10 = 341.114
 33) RooRealVar::            Backgroundfail_HIGH_bin_4-2 = 204.668
 34) RooRealVar::            Backgroundfail_HIGH_bin_4-3 = 255.835
 35) RooRealVar::            Backgroundfail_HIGH_bin_4-4 = 238.779
 36) RooRealVar::            Backgroundfail_HIGH_bin_4-5 = 221.724
 37) RooRealVar::            Backgroundfail_HIGH_bin_4-6 = 307.002
 38) RooRealVar::            Backgroundfail_HIGH_bin_4-7 = 255.835
 39) RooRealVar::            Backgroundfail_HIGH_bin_4-8 = 255.835
 40) RooRealVar::            Backgroundfail_HIGH_bin_4-9 = 341.114
 41) RooRealVar::             Backgroundfail_LOW_bin_1-1 = 2933.58
 42) RooRealVar::            Backgroundfail_LOW_bin_1-10 = 2592.46
 43) RooRealVar::             Backgroundfail_LOW_bin_1-2 = 3172.36
 44) RooRealVar::             Backgroundfail_LOW_bin_1-3 = 2643.63
 45) RooRealVar::             Backgroundfail_LOW_bin_1-4 = 2626.57
 46) RooRealVar::             Backgroundfail_LOW_bin_1-5 = 3121.19
 47) RooRealVar::             Backgroundfail_LOW_bin_1-6 = 3172.36
 48) RooRealVar::             Backgroundfail_LOW_bin_1-7 = 2780.08
 49) RooRealVar::             Backgroundfail_LOW_bin_1-8 = 3359.97
 50) RooRealVar::             Backgroundfail_LOW_bin_1-9 = 3223.52
 51) RooRealVar::             Backgroundfail_LOW_bin_2-1 = 32422.8
 52) RooRealVar::            Backgroundfail_LOW_bin_2-10 = 32712.8
 53) RooRealVar::             Backgroundfail_LOW_bin_2-2 = 33565.6
 54) RooRealVar::             Backgroundfail_LOW_bin_2-3 = 32371.7
 55) RooRealVar::             Backgroundfail_LOW_bin_2-4 = 33565.6
 56) RooRealVar::             Backgroundfail_LOW_bin_2-5 = 31877.1
 57) RooRealVar::             Backgroundfail_LOW_bin_2-6 = 33207.4
 58) RooRealVar::             Backgroundfail_LOW_bin_2-7 = 32525.2
 59) RooRealVar::             Backgroundfail_LOW_bin_2-8 = 32883.3
 60) RooRealVar::             Backgroundfail_LOW_bin_2-9 = 32286.4
 61) RooRealVar::             Backgroundfail_LOW_bin_3-1 = 1.48087e+07
 62) RooRealVar::            Backgroundfail_LOW_bin_3-10 = 1.47979e+07
 63) RooRealVar::             Backgroundfail_LOW_bin_3-2 = 1.48158e+07
 64) RooRealVar::             Backgroundfail_LOW_bin_3-3 = 1.48431e+07
 65) RooRealVar::             Backgroundfail_LOW_bin_3-4 = 1.48297e+07
 66) RooRealVar::             Backgroundfail_LOW_bin_3-5 = 1.48197e+07
 67) RooRealVar::             Backgroundfail_LOW_bin_3-6 = 1.48642e+07
 68) RooRealVar::             Backgroundfail_LOW_bin_3-7 = 1.48416e+07
 69) RooRealVar::             Backgroundfail_LOW_bin_3-8 = 1.48201e+07
 70) RooRealVar::             Backgroundfail_LOW_bin_3-9 = 1.48352e+07
 71) RooRealVar::             Backgroundfail_LOW_bin_4-1 = 901478
 72) RooRealVar::            Backgroundfail_LOW_bin_4-10 = 898646
 73) RooRealVar::             Backgroundfail_LOW_bin_4-2 = 902774
 74) RooRealVar::             Backgroundfail_LOW_bin_4-3 = 904292
 75) RooRealVar::             Backgroundfail_LOW_bin_4-4 = 908078
 76) RooRealVar::             Backgroundfail_LOW_bin_4-5 = 900983
 77) RooRealVar::             Backgroundfail_LOW_bin_4-6 = 903746
 78) RooRealVar::             Backgroundfail_LOW_bin_4-7 = 900693
 79) RooRealVar::             Backgroundfail_LOW_bin_4-8 = 905025
 80) RooRealVar::             Backgroundfail_LOW_bin_4-9 = 901478
 81) RooRealVar::             Backgroundfail_LOW_bin_5-1 = 11018
 82) RooRealVar::            Backgroundfail_LOW_bin_5-10 = 10847.4
 83) RooRealVar::             Backgroundfail_LOW_bin_5-2 = 11205.6
 84) RooRealVar::             Backgroundfail_LOW_bin_5-3 = 11035
 85) RooRealVar::             Backgroundfail_LOW_bin_5-4 = 10847.4
 86) RooRealVar::             Backgroundfail_LOW_bin_5-5 = 9875.24
 87) RooRealVar::             Backgroundfail_LOW_bin_5-6 = 10489.2
 88) RooRealVar::             Backgroundfail_LOW_bin_5-7 = 11120.3
 89) RooRealVar::             Backgroundfail_LOW_bin_5-8 = 11120.3
 90) RooRealVar::             Backgroundfail_LOW_bin_5-9 = 11205.6
 91) RooRealVar::             Backgroundfail_SIG_bin_1-1 = 2643.63
 92) RooRealVar::            Backgroundfail_SIG_bin_1-10 = 2728.91
 93) RooRealVar::             Backgroundfail_SIG_bin_1-2 = 2336.63
 94) RooRealVar::             Backgroundfail_SIG_bin_1-3 = 2745.96
 95) RooRealVar::             Backgroundfail_SIG_bin_1-4 = 2694.8
 96) RooRealVar::             Backgroundfail_SIG_bin_1-5 = 2916.52
 97) RooRealVar::             Backgroundfail_SIG_bin_1-6 = 2848.3
 98) RooRealVar::             Backgroundfail_SIG_bin_1-7 = 2950.63
 99) RooRealVar::             Backgroundfail_SIG_bin_1-8 = 2831.24
100) RooRealVar::             Backgroundfail_SIG_bin_1-9 = 2882.41
101) RooRealVar::             Backgroundfail_SIG_bin_2-1 = 1398.57
102) RooRealVar::            Backgroundfail_SIG_bin_2-10 = 1313.29
103) RooRealVar::             Backgroundfail_SIG_bin_2-2 = 1466.79
104) RooRealVar::             Backgroundfail_SIG_bin_2-3 = 1330.34
105) RooRealVar::             Backgroundfail_SIG_bin_2-4 = 1279.18
106) RooRealVar::             Backgroundfail_SIG_bin_2-5 = 1432.68
107) RooRealVar::             Backgroundfail_SIG_bin_2-6 = 1159.79
108) RooRealVar::             Backgroundfail_SIG_bin_2-7 = 1176.84
109) RooRealVar::             Backgroundfail_SIG_bin_2-8 = 1398.57
110) RooRealVar::             Backgroundfail_SIG_bin_2-9 = 1347.4
111) RooRealVar::                 Backgroundrpf_2x0_par0 = 0.1 +/- 0.1
112) RooRealVar::                 Backgroundrpf_2x0_par1 = 0.1 +/- 0.1
113) RooRealVar::                 Backgroundrpf_2x0_par2 = 0.1 +/- 0.1
114) RooRealVar::                 Backgroundrpf_2x0_par3 = 0.1 +/- 0.1
115) RooRealVar::                         mask_fail_HIGH = 0
116) RooRealVar::                          mask_fail_LOW = 0
117) RooRealVar::                          mask_fail_SIG = 0
118) RooRealVar::                         mask_pass_HIGH = 1
119) RooRealVar::                          mask_pass_LOW = 0
120) RooRealVar::                          mask_pass_SIG = 1
121) RooRealVar::     n_exp_binfail_HIGH_proc_Background = 1
122) RooRealVar::      n_exp_binfail_LOW_proc_Background = 1
123) RooRealVar::      n_exp_binfail_SIG_proc_Background = 1
124) RooRealVar:: n_exp_binpass_HIGH_proc_Background_2x0 = 1
125) RooRealVar::  n_exp_binpass_LOW_proc_Background_2x0 = 1
126) RooRealVar::  n_exp_binpass_SIG_proc_Background_2x0 = 1
127) RooRealVar::                                      r = 0
Obs: 
  1) RooRealVar::  pT_LOW_default = 112.5
  2) RooRealVar::       N_default = 9.5
  3) RooRealVar::  pT_SIG_default = 213
  4) RooRealVar:: pT_HIGH_default = 703
  5) RooCategory::     CMS_channel = pass_SIG(idx = 1)

>> Found 114 floating parameters
>> The following parameters are protected in the event of negative eigenvalues:
>> Verifying eigenvalues are all positive (iteration 0)
Eigenvalue 113 : -2.58154e-06
 - 0.782733	Backgroundrpf_2x0_par1
 - -0.521202	Backgroundrpf_2x0_par0
 - -0.335166	Backgroundrpf_2x0_par2
 - 0.0578124	Backgroundrpf_2x0_par3
 - 1.49848e-07	Backgroundfail_LOW_bin_5-9
>> Attempt 0 failed, remove the variable with largest eigenvector component...
>> Dropping Backgroundrpf_2x0_par1 from the hessian
>> Verifying eigenvalues are all positive (iteration 1)
>> All eigenvalues are positive
>> Inverting Hessian...
>> Matrix inverted
>> Note: the following parameters were dropped to make the covariance matrix pos-def:
     - Backgroundrpf_2x0_par1
 Fit B-only, status = 0, numBadNLL = 0, covariance quality = -1
Running Minos for POI r
>> Found 115 floating parameters
>> The following parameters are protected in the event of negative eigenvalues: r
>> Verifying eigenvalues are all positive (iteration 0)
>> All eigenvalues are positive
>> Inverting Hessian...
>> Matrix inverted
Fit S+B, status = 0, numBadNLL = 0, covariance quality = -1

 --- FitDiagnostics ---
Best fit r: 1.13194  -1.13194/+0.430564  (68% CL)
Done in 0.04 min (cpu), 0.05 min (real)
15 log messages saved to combine_logger.out
