CascadeMinimizer.cc[188] : (in function: improveOnce) - Minimization configured with Type=Minuit2, Algo=Migrad, strategy=0, tolerance=0.1
CascadeMinimizer.cc[215] : (in function: improveOnce) - Minimization finished with status=0
CascadeMinimizer.cc[219] : (in function: improveOnce) - Minimization success! status=0
utils.cc[1040] : (in function: anyParameterAtBoundaries) - [WARNING] Found parameter LDMX_NoHcal_Background_rpf_2x0_par0 at boundary (within ~1sigma): 0.000256203+/-0.000568746
utils.cc[1040] : (in function: anyParameterAtBoundaries) - [WARNING] Found parameter LDMX_NoHcal_Background_rpf_2x0_par1 at boundary (within ~1sigma): 50.0001+/-0.0149075
utils.cc[1040] : (in function: anyParameterAtBoundaries) - [WARNING] Found parameter LDMX_NoHcal_Background_rpf_2x0_par2 at boundary (within ~1sigma): -48.4111+/-2.44231
CascadeMinimizer.cc[483] : (in function: minimize) - [WARNING] After fit, some parameters are found at the boundary (within ~1sigma)
CascadeMinimizer.cc[188] : (in function: improveOnce) - Minimization configured with Type=Minuit2, Algo=Migrad, strategy=0, tolerance=0.1
CascadeMinimizer.cc[215] : (in function: improveOnce) - Minimization finished with status=0
CascadeMinimizer.cc[219] : (in function: improveOnce) - Minimization success! status=0
FitDiagnostics.cc[318] : (in function: runSpecific) -  Fit B-only, status = 0, numBadNLL = 0, covariance quality = -1
CascadeMinimizer.cc[188] : (in function: improveOnce) - Minimization configured with Type=Minuit2, Algo=Migrad, strategy=0, tolerance=0.1
CascadeMinimizer.cc[215] : (in function: improveOnce) - Minimization finished with status=0
CascadeMinimizer.cc[219] : (in function: improveOnce) - Minimization success! status=0
utils.cc[1040] : (in function: anyParameterAtBoundaries) - [WARNING] Found parameter LDMX_NoHcal_Background_rpf_2x0_par0 at boundary (within ~1sigma): 5.92812e-09+/-0.0359893
utils.cc[1040] : (in function: anyParameterAtBoundaries) - [WARNING] Found parameter LDMX_NoHcal_Background_rpf_2x0_par1 at boundary (within ~1sigma): 50.001+/-0.0258235
utils.cc[1040] : (in function: anyParameterAtBoundaries) - [WARNING] Found parameter LDMX_NoHcal_Background_rpf_2x0_par2 at boundary (within ~1sigma): -5.37325e-05+/-41.8856
CascadeMinimizer.cc[483] : (in function: minimize) - [WARNING] After fit, some parameters are found at the boundary (within ~1sigma)
CascadeMinimizer.cc[188] : (in function: improveOnce) - Minimization configured with Type=Minuit2, Algo=Migrad, strategy=0, tolerance=0.1
CascadeMinimizer.cc[215] : (in function: improveOnce) - Minimization finished with status=0
CascadeMinimizer.cc[219] : (in function: improveOnce) - Minimization success! status=0
FitterAlgoBase.cc[344] : (in function: doFit) - Running Minos for POI r
FitDiagnostics.cc[443] : (in function: runSpecific) - Fit S+B, status = 0, numBadNLL = 0, covariance quality = -1
