 <<< Combine >>> 
 <<< v10.0.1 >>>
>>> Random number generator seed is 123456
>>> Method used is FitDiagnostics
Set Default Value of Parameter mask_pass_SIG To : 1
Set Default Value of Parameter mask_pass_HIGH To : 1
Set Default Value of Parameter r To : 1
>>> 2 out of 6 channels masked

Parameters: 
  1) RooRealVar::            Backgroundfail_HIGH_bin_1-1 = 614.004
  2) RooRealVar::           Backgroundfail_HIGH_bin_1-10 = 801.617
  3) RooRealVar::            Backgroundfail_HIGH_bin_1-2 = 767.505
  4) RooRealVar::            Backgroundfail_HIGH_bin_1-3 = 750.45
  5) RooRealVar::            Backgroundfail_HIGH_bin_1-4 = 733.394
  6) RooRealVar::            Backgroundfail_HIGH_bin_1-5 = 801.617
  7) RooRealVar::            Backgroundfail_HIGH_bin_1-6 = 1074.51
  8) RooRealVar::            Backgroundfail_HIGH_bin_1-7 = 886.895
  9) RooRealVar::            Backgroundfail_HIGH_bin_1-8 = 596.949
 10) RooRealVar::            Backgroundfail_HIGH_bin_1-9 = 716.338
 11) RooRealVar::            Backgroundfail_HIGH_bin_2-1 = 443.448
 12) RooRealVar::           Backgroundfail_HIGH_bin_2-10 = 341.114
 13) RooRealVar::            Backgroundfail_HIGH_bin_2-2 = 392.281
 14) RooRealVar::            Backgroundfail_HIGH_bin_2-3 = 409.336
 15) RooRealVar::            Backgroundfail_HIGH_bin_2-4 = 255.835
 16) RooRealVar::            Backgroundfail_HIGH_bin_2-5 = 255.835
 17) RooRealVar::            Backgroundfail_HIGH_bin_2-6 = 204.668
 18) RooRealVar::            Backgroundfail_HIGH_bin_2-7 = 324.058
 19) RooRealVar::            Backgroundfail_HIGH_bin_2-8 = 289.946
 20) RooRealVar::            Backgroundfail_HIGH_bin_2-9 = 289.946
 21) RooRealVar::            Backgroundfail_HIGH_bin_3-1 = 153.501
 22) RooRealVar::           Backgroundfail_HIGH_bin_3-10 = 119.39
 23) RooRealVar::            Backgroundfail_HIGH_bin_3-2 = 153.501
 24) RooRealVar::            Backgroundfail_HIGH_bin_3-3 = 221.724
 25) RooRealVar::            Backgroundfail_HIGH_bin_3-4 = 187.612
 26) RooRealVar::            Backgroundfail_HIGH_bin_3-5 = 204.668
 27) RooRealVar::            Backgroundfail_HIGH_bin_3-6 = 102.334
 28) RooRealVar::            Backgroundfail_HIGH_bin_3-7 = 238.779
 29) RooRealVar::            Backgroundfail_HIGH_bin_3-8 = 102.334
 30) RooRealVar::            Backgroundfail_HIGH_bin_3-9 = 187.612
 31) RooRealVar::            Backgroundfail_HIGH_bin_4-1 = 34.1114
 32) RooRealVar::           Backgroundfail_HIGH_bin_4-10 = 102.334
 33) RooRealVar::            Backgroundfail_HIGH_bin_4-2 = 119.39
 34) RooRealVar::            Backgroundfail_HIGH_bin_4-3 = 68.2227
 35) RooRealVar::            Backgroundfail_HIGH_bin_4-4 = 85.2784
 36) RooRealVar::            Backgroundfail_HIGH_bin_4-5 = 68.2227
 37) RooRealVar::            Backgroundfail_HIGH_bin_4-6 = 34.1114
 38) RooRealVar::            Backgroundfail_HIGH_bin_4-7 = 68.2227
 39) RooRealVar::            Backgroundfail_HIGH_bin_4-8 = 17.0557
 40) RooRealVar::            Backgroundfail_HIGH_bin_4-9 = 85.2784
 41) RooRealVar::            Backgroundfail_HIGH_bin_5-1 = 307.002
 42) RooRealVar::           Backgroundfail_HIGH_bin_5-10 = 170.557
 43) RooRealVar::            Backgroundfail_HIGH_bin_5-2 = 102.334
 44) RooRealVar::            Backgroundfail_HIGH_bin_5-3 = 136.445
 45) RooRealVar::            Backgroundfail_HIGH_bin_5-4 = 119.39
 46) RooRealVar::            Backgroundfail_HIGH_bin_5-5 = 272.891
 47) RooRealVar::            Backgroundfail_HIGH_bin_5-6 = 170.557
 48) RooRealVar::            Backgroundfail_HIGH_bin_5-7 = 102.334
 49) RooRealVar::            Backgroundfail_HIGH_bin_5-8 = 153.501
 50) RooRealVar::            Backgroundfail_HIGH_bin_5-9 = 136.445
 51) RooRealVar::             Backgroundfail_LOW_bin_1-1 = 13013.5
 52) RooRealVar::            Backgroundfail_LOW_bin_1-10 = 12348.3
 53) RooRealVar::             Backgroundfail_LOW_bin_1-2 = 12501.8
 54) RooRealVar::             Backgroundfail_LOW_bin_1-3 = 12348.3
 55) RooRealVar::             Backgroundfail_LOW_bin_1-4 = 13098.8
 56) RooRealVar::             Backgroundfail_LOW_bin_1-5 = 12706.5
 57) RooRealVar::             Backgroundfail_LOW_bin_1-6 = 12689.4
 58) RooRealVar::             Backgroundfail_LOW_bin_1-7 = 12228.9
 59) RooRealVar::             Backgroundfail_LOW_bin_1-8 = 12706.5
 60) RooRealVar::             Backgroundfail_LOW_bin_1-9 = 12143.6
 61) RooRealVar::             Backgroundfail_LOW_bin_2-1 = 1.57473e+07
 62) RooRealVar::            Backgroundfail_LOW_bin_2-10 = 1.57503e+07
 63) RooRealVar::             Backgroundfail_LOW_bin_2-2 = 1.57447e+07
 64) RooRealVar::             Backgroundfail_LOW_bin_2-3 = 1.57788e+07
 65) RooRealVar::             Backgroundfail_LOW_bin_2-4 = 1.57734e+07
 66) RooRealVar::             Backgroundfail_LOW_bin_2-5 = 1.57914e+07
 67) RooRealVar::             Backgroundfail_LOW_bin_2-6 = 1.57734e+07
 68) RooRealVar::             Backgroundfail_LOW_bin_2-7 = 1.57868e+07
 69) RooRealVar::             Backgroundfail_LOW_bin_2-8 = 1.57583e+07
 70) RooRealVar::             Backgroundfail_LOW_bin_2-9 = 1.57543e+07
 71) RooRealVar::             Backgroundfail_SIG_bin_1-1 = 3718.14
 72) RooRealVar::            Backgroundfail_SIG_bin_1-10 = 3291.75
 73) RooRealVar::             Backgroundfail_SIG_bin_1-2 = 3359.97
 74) RooRealVar::             Backgroundfail_SIG_bin_1-3 = 3462.3
 75) RooRealVar::             Backgroundfail_SIG_bin_1-4 = 3820.47
 76) RooRealVar::             Backgroundfail_SIG_bin_1-5 = 3513.47
 77) RooRealVar::             Backgroundfail_SIG_bin_1-6 = 3155.3
 78) RooRealVar::             Backgroundfail_SIG_bin_1-7 = 3479.36
 79) RooRealVar::             Backgroundfail_SIG_bin_1-8 = 3701.08
 80) RooRealVar::             Backgroundfail_SIG_bin_1-9 = 3581.69
 81) RooRealVar::                 Backgroundrpf_0x0_par0 = 0.1 +/- 0.1
 82) RooRealVar::                         mask_fail_HIGH = 0
 83) RooRealVar::                          mask_fail_LOW = 0
 84) RooRealVar::                          mask_fail_SIG = 0
 85) RooRealVar::                         mask_pass_HIGH = 1
 86) RooRealVar::                          mask_pass_LOW = 0
 87) RooRealVar::                          mask_pass_SIG = 1
 88) RooRealVar::     n_exp_binfail_HIGH_proc_Background = 1
 89) RooRealVar::      n_exp_binfail_LOW_proc_Background = 1
 90) RooRealVar::      n_exp_binfail_SIG_proc_Background = 1
 91) RooRealVar:: n_exp_binpass_HIGH_proc_Background_0x0 = 1
 92) RooRealVar::  n_exp_binpass_LOW_proc_Background_0x0 = 1
 93) RooRealVar::  n_exp_binpass_SIG_proc_Background_0x0 = 1
 94) RooRealVar::                                      r = 0
Obs: 
  1) RooRealVar::  pT_LOW_default = 96
  2) RooRealVar::       N_default = 9.5
  3) RooRealVar::  pT_SIG_default = 254
  4) RooRealVar:: pT_HIGH_default = 6047.5
  5) RooCategory::     CMS_channel = pass_SIG(idx = 1)

>> Found 81 floating parameters
>> The following parameters are protected in the event of negative eigenvalues:
>> Verifying eigenvalues are all positive (iteration 0)
>> All eigenvalues are positive
>> Inverting Hessian...
>> Matrix inverted
 Fit B-only, status = 0, numBadNLL = 0, covariance quality = -1
Running Minos for POI r
>> Found 82 floating parameters
>> The following parameters are protected in the event of negative eigenvalues: r
>> Verifying eigenvalues are all positive (iteration 0)
>> All eigenvalues are positive
>> Inverting Hessian...
>> Matrix inverted
Fit S+B, status = 0, numBadNLL = 0, covariance quality = -1

 --- FitDiagnostics ---
Best fit r: 0.31298  -0.31298/+49.687  (68% CL)
Done in 0.01 min (cpu), 0.01 min (real)
15 log messages saved to combine_logger.out
