 <<< Combine >>> 
 <<< v10.0.1 >>>
>>> Random number generator seed is 123456
>>> Method used is FitDiagnostics
Set Default Value of Parameter mask_pass_SIG To : 1
Set Default Value of Parameter mask_pass_HIGH To : 1
Set Default Value of Parameter r To : 1
>>> 2 out of 6 channels masked

Parameters: 
  1) RooRealVar::            Backgroundfail_HIGH_bin_1-1 = 801.617
  2) RooRealVar::           Backgroundfail_HIGH_bin_1-10 = 784.561
  3) RooRealVar::            Backgroundfail_HIGH_bin_1-2 = 886.895
  4) RooRealVar::            Backgroundfail_HIGH_bin_1-3 = 699.283
  5) RooRealVar::            Backgroundfail_HIGH_bin_1-4 = 835.728
  6) RooRealVar::            Backgroundfail_HIGH_bin_1-5 = 852.784
  7) RooRealVar::            Backgroundfail_HIGH_bin_1-6 = 818.672
  8) RooRealVar::            Backgroundfail_HIGH_bin_1-7 = 835.728
  9) RooRealVar::            Backgroundfail_HIGH_bin_1-8 = 955.118
 10) RooRealVar::            Backgroundfail_HIGH_bin_1-9 = 869.839
 11) RooRealVar::             Backgroundfail_LOW_bin_1-1 = 3172.36
 12) RooRealVar::            Backgroundfail_LOW_bin_1-10 = 2438.96
 13) RooRealVar::             Backgroundfail_LOW_bin_1-2 = 3325.86
 14) RooRealVar::             Backgroundfail_LOW_bin_1-3 = 3155.3
 15) RooRealVar::             Backgroundfail_LOW_bin_1-4 = 3189.41
 16) RooRealVar::             Backgroundfail_LOW_bin_1-5 = 3189.41
 17) RooRealVar::             Backgroundfail_LOW_bin_1-6 = 2575.41
 18) RooRealVar::             Backgroundfail_LOW_bin_1-7 = 2780.08
 19) RooRealVar::             Backgroundfail_LOW_bin_1-8 = 3070.02
 20) RooRealVar::             Backgroundfail_LOW_bin_1-9 = 2728.91
 21) RooRealVar::             Backgroundfail_LOW_bin_2-1 = 31774.7
 22) RooRealVar::            Backgroundfail_LOW_bin_2-10 = 34060.2
 23) RooRealVar::             Backgroundfail_LOW_bin_2-2 = 32849.2
 24) RooRealVar::             Backgroundfail_LOW_bin_2-3 = 32661.6
 25) RooRealVar::             Backgroundfail_LOW_bin_2-4 = 32832.2
 26) RooRealVar::             Backgroundfail_LOW_bin_2-5 = 32883.3
 27) RooRealVar::             Backgroundfail_LOW_bin_2-6 = 32764
 28) RooRealVar::             Backgroundfail_LOW_bin_2-7 = 33071
 29) RooRealVar::             Backgroundfail_LOW_bin_2-8 = 32576.3
 30) RooRealVar::             Backgroundfail_LOW_bin_2-9 = 31945.3
 31) RooRealVar::             Backgroundfail_LOW_bin_3-1 = 1.48088e+07
 32) RooRealVar::            Backgroundfail_LOW_bin_3-10 = 1.48096e+07
 33) RooRealVar::             Backgroundfail_LOW_bin_3-2 = 1.48071e+07
 34) RooRealVar::             Backgroundfail_LOW_bin_3-3 = 1.4845e+07
 35) RooRealVar::             Backgroundfail_LOW_bin_3-4 = 1.4832e+07
 36) RooRealVar::             Backgroundfail_LOW_bin_3-5 = 1.48552e+07
 37) RooRealVar::             Backgroundfail_LOW_bin_3-6 = 1.48365e+07
 38) RooRealVar::             Backgroundfail_LOW_bin_3-7 = 1.48463e+07
 39) RooRealVar::             Backgroundfail_LOW_bin_3-8 = 1.48232e+07
 40) RooRealVar::             Backgroundfail_LOW_bin_3-9 = 1.48122e+07
 41) RooRealVar::             Backgroundfail_LOW_bin_4-1 = 904343
 42) RooRealVar::            Backgroundfail_LOW_bin_4-10 = 904394
 43) RooRealVar::             Backgroundfail_LOW_bin_4-2 = 901563
 44) RooRealVar::             Backgroundfail_LOW_bin_4-3 = 896958
 45) RooRealVar::             Backgroundfail_LOW_bin_4-4 = 905793
 46) RooRealVar::             Backgroundfail_LOW_bin_4-5 = 900062
 47) RooRealVar::             Backgroundfail_LOW_bin_4-6 = 902484
 48) RooRealVar::             Backgroundfail_LOW_bin_4-7 = 904633
 49) RooRealVar::             Backgroundfail_LOW_bin_4-8 = 899516
 50) RooRealVar::             Backgroundfail_LOW_bin_4-9 = 907447
 51) RooRealVar::             Backgroundfail_LOW_bin_5-1 = 10898.6
 52) RooRealVar::            Backgroundfail_LOW_bin_5-10 = 10659.8
 53) RooRealVar::             Backgroundfail_LOW_bin_5-2 = 10796.2
 54) RooRealVar::             Backgroundfail_LOW_bin_5-3 = 11495.5
 55) RooRealVar::             Backgroundfail_LOW_bin_5-4 = 10932.7
 56) RooRealVar::             Backgroundfail_LOW_bin_5-5 = 11273.8
 57) RooRealVar::             Backgroundfail_LOW_bin_5-6 = 10369.9
 58) RooRealVar::             Backgroundfail_LOW_bin_5-7 = 10728
 59) RooRealVar::             Backgroundfail_LOW_bin_5-8 = 10881.5
 60) RooRealVar::             Backgroundfail_LOW_bin_5-9 = 10728
 61) RooRealVar::             Backgroundfail_SIG_bin_1-1 = 2711.85
 62) RooRealVar::            Backgroundfail_SIG_bin_1-10 = 2575.41
 63) RooRealVar::             Backgroundfail_SIG_bin_1-2 = 2643.63
 64) RooRealVar::             Backgroundfail_SIG_bin_1-3 = 3104.13
 65) RooRealVar::             Backgroundfail_SIG_bin_1-4 = 3155.3
 66) RooRealVar::             Backgroundfail_SIG_bin_1-5 = 2694.8
 67) RooRealVar::             Backgroundfail_SIG_bin_1-6 = 2421.91
 68) RooRealVar::             Backgroundfail_SIG_bin_1-7 = 2626.57
 69) RooRealVar::             Backgroundfail_SIG_bin_1-8 = 3018.85
 70) RooRealVar::             Backgroundfail_SIG_bin_1-9 = 2626.57
 71) RooRealVar::             Backgroundfail_SIG_bin_2-1 = 1364.45
 72) RooRealVar::            Backgroundfail_SIG_bin_2-10 = 1347.4
 73) RooRealVar::             Backgroundfail_SIG_bin_2-2 = 1228.01
 74) RooRealVar::             Backgroundfail_SIG_bin_2-3 = 1330.34
 75) RooRealVar::             Backgroundfail_SIG_bin_2-4 = 1500.9
 76) RooRealVar::             Backgroundfail_SIG_bin_2-5 = 1381.51
 77) RooRealVar::             Backgroundfail_SIG_bin_2-6 = 1125.67
 78) RooRealVar::             Backgroundfail_SIG_bin_2-7 = 1296.23
 79) RooRealVar::             Backgroundfail_SIG_bin_2-8 = 1415.62
 80) RooRealVar::             Backgroundfail_SIG_bin_2-9 = 1313.29
 81) RooRealVar::                 Backgroundrpf_2x0_par0 = 0.1 +/- 0.1
 82) RooRealVar::                 Backgroundrpf_2x0_par1 = 0.1 +/- 0.1
 83) RooRealVar::                 Backgroundrpf_2x0_par2 = 0.1 +/- 0.1
 84) RooRealVar::                 Backgroundrpf_2x0_par3 = 0.1 +/- 0.1
 85) RooRealVar::                         mask_fail_HIGH = 0
 86) RooRealVar::                          mask_fail_LOW = 0
 87) RooRealVar::                          mask_fail_SIG = 0
 88) RooRealVar::                         mask_pass_HIGH = 1
 89) RooRealVar::                          mask_pass_LOW = 0
 90) RooRealVar::                          mask_pass_SIG = 1
 91) RooRealVar::     n_exp_binfail_HIGH_proc_Background = 1
 92) RooRealVar::      n_exp_binfail_LOW_proc_Background = 1
 93) RooRealVar::      n_exp_binfail_SIG_proc_Background = 1
 94) RooRealVar:: n_exp_binpass_HIGH_proc_Background_2x0 = 1
 95) RooRealVar::  n_exp_binpass_LOW_proc_Background_2x0 = 1
 96) RooRealVar::  n_exp_binpass_SIG_proc_Background_2x0 = 1
 97) RooRealVar::                                      r = 0
Obs: 
  1) RooRealVar::  pT_LOW_default = 112.5
  2) RooRealVar::       N_default = 9.5
  3) RooRealVar::  pT_SIG_default = 213
  4) RooRealVar:: pT_HIGH_default = 289.5
  5) RooCategory::     CMS_channel = pass_SIG(idx = 1)

>> Found 84 floating parameters
>> The following parameters are protected in the event of negative eigenvalues:
>> Verifying eigenvalues are all positive (iteration 0)
Eigenvalue 83 : -2.69868e-06
 - -0.787075	Backgroundrpf_2x0_par1
 - 0.518986	Backgroundrpf_2x0_par0
 - 0.328181	Backgroundrpf_2x0_par2
 - -0.0588571	Backgroundrpf_2x0_par3
 - -2.05398e-07	Backgroundfail_LOW_bin_5-3
>> Attempt 0 failed, remove the variable with largest eigenvector component...
>> Dropping Backgroundrpf_2x0_par1 from the hessian
>> Verifying eigenvalues are all positive (iteration 1)
>> All eigenvalues are positive
>> Inverting Hessian...
>> Matrix inverted
>> Note: the following parameters were dropped to make the covariance matrix pos-def:
     - Backgroundrpf_2x0_par1
 Fit B-only, status = 0, numBadNLL = 0, covariance quality = -1
Running Minos for POI r
>> Found 85 floating parameters
>> The following parameters are protected in the event of negative eigenvalues: r
>> Verifying eigenvalues are all positive (iteration 0)
Eigenvalue 84 : -1.5783e-06
 - 0.78658	Backgroundrpf_2x0_par1
 - -0.517954	Backgroundrpf_2x0_par3
 - -0.330993	Backgroundrpf_2x0_par2
 - 0.0586234	Backgroundrpf_2x0_par0
 - -0.00465317	r
>> Attempt 0 failed, remove the variable with largest eigenvector component...
>> Dropping Backgroundrpf_2x0_par1 from the hessian
>> Verifying eigenvalues are all positive (iteration 1)
>> All eigenvalues are positive
>> Inverting Hessian...
>> Matrix inverted
>> Note: the following parameters were dropped to make the covariance matrix pos-def:
     - Backgroundrpf_2x0_par1
Fit S+B, status = 0, numBadNLL = 0, covariance quality = -1

 --- FitDiagnostics ---
Best fit r: 0.307527  -0.307527/+0.473723  (68% CL)
Done in 0.02 min (cpu), 0.02 min (real)
15 log messages saved to combine_logger.out
